<?xml version="1.0" encoding="UTF-8"?>
<!-- Generated by org.testng.reporters.JUnitReportReporter -->
<testsuite skipped="0" hostname="LAPTOP-CB3T9QO6" name="com.testPages.Petstore" tests="4" failures="0" timestamp="2020-03-19T21:36:30 GMT+03:00" time="6.174" errors="0">
  <testcase name="validateAddPet" time="2.823" classname="com.testPages.Petstore"/>
  <testcase name="validateGetPet" time="1.319" classname="com.testPages.Petstore"/>
  <testcase name="validateDeletePet" time="0.916" classname="com.testPages.Petstore"/>
  <testcase name="validateUpdatePet" time="1.116" classname="com.testPages.Petstore"/>
</testsuite> <!-- com.testPages.Petstore -->
